<?xml version="1.0" encoding="UTF-8"?>
<testsuite xmlns:xsi="http://www.w3.org/2001/XMLSchema-instance" xsi:noNamespaceSchemaLocation="https://maven.apache.org/surefire/maven-surefire-plugin/xsd/surefire-test-report.xsd" name="TestSuite" time="10.499" tests="6" errors="0" skipped="0" failures="0">
  <properties>
    <property name="sun.desktop" value="gnome"/>
    <property name="awt.toolkit" value="sun.awt.X11.XToolkit"/>
    <property name="file.encoding.pkg" value="sun.io"/>
    <property name="java.specification.version" value="1.8"/>
    <property name="sun.cpu.isalist" value=""/>
    <property name="sun.jnu.encoding" value="UTF-8"/>
    <property name="java.class.path" value="/home/yaner/eclipse-workspace/payloadtest/target/test-classes:/home/yaner/eclipse-workspace/payloadtest/target/classes:/home/yaner/.m2/repository/org/testng/testng/6.14.2/testng-6.14.2.jar:/home/yaner/.m2/repository/com/beust/jcommander/1.72/jcommander-1.72.jar:/home/yaner/.m2/repository/org/apache-extras/beanshell/bsh/2.0b6/bsh-2.0b6.jar:/home/yaner/.m2/repository/com/google/code/gson/gson/2.8.2/gson-2.8.2.jar:/home/yaner/.m2/repository/org/apache/maven/surefire/surefire-testng-utils/2.22.0/surefire-testng-utils-2.22.0.jar:/home/yaner/.m2/repository/org/apache/maven/surefire/surefire-grouper/2.22.0/surefire-grouper-2.22.0.jar:"/>
    <property name="java.vm.vendor" value="Oracle Corporation"/>
    <property name="sun.arch.data.model" value="64"/>
    <property name="java.vendor.url" value="http://java.oracle.com/"/>
    <property name="user.timezone" value=""/>
    <property name="java.vm.specification.version" value="1.8"/>
    <property name="os.name" value="Linux"/>
    <property name="user.country" value="CN"/>
    <property name="sun.java.launcher" value="SUN_STANDARD"/>
    <property name="sun.boot.library.path" value="/home/yaner/jdk1.8.0_181/jre/lib/amd64"/>
    <property name="sun.java.command" value="/home/yaner/eclipse-workspace/payloadtest/target/surefire/surefirebooter4463752361075548380.jar /home/yaner/eclipse-workspace/payloadtest/target/surefire 2018-09-10T20-32-35_015-jvmRun1 surefire6992985894205523311tmp surefire_01946359875007717154tmp"/>
    <property name="surefire.test.class.path" value="/home/yaner/eclipse-workspace/payloadtest/target/test-classes:/home/yaner/eclipse-workspace/payloadtest/target/classes:/home/yaner/.m2/repository/org/testng/testng/6.14.2/testng-6.14.2.jar:/home/yaner/.m2/repository/com/beust/jcommander/1.72/jcommander-1.72.jar:/home/yaner/.m2/repository/org/apache-extras/beanshell/bsh/2.0b6/bsh-2.0b6.jar:/home/yaner/.m2/repository/com/google/code/gson/gson/2.8.2/gson-2.8.2.jar:/home/yaner/.m2/repository/org/apache/maven/surefire/surefire-testng-utils/2.22.0/surefire-testng-utils-2.22.0.jar:/home/yaner/.m2/repository/org/apache/maven/surefire/surefire-grouper/2.22.0/surefire-grouper-2.22.0.jar:"/>
    <property name="sun.cpu.endian" value="little"/>
    <property name="user.home" value="/home/yaner"/>
    <property name="user.language" value="zh"/>
    <property name="java.specification.vendor" value="Oracle Corporation"/>
    <property name="java.home" value="/home/yaner/jdk1.8.0_181/jre"/>
    <property name="basedir" value="/home/yaner/eclipse-workspace/payloadtest"/>
    <property name="file.separator" value="/"/>
    <property name="line.separator" value="&#10;"/>
    <property name="java.vm.specification.vendor" value="Oracle Corporation"/>
    <property name="java.specification.name" value="Java Platform API Specification"/>
    <property name="java.awt.graphicsenv" value="sun.awt.X11GraphicsEnvironment"/>
    <property name="surefire.real.class.path" value="/home/yaner/eclipse-workspace/payloadtest/target/surefire/surefirebooter4463752361075548380.jar"/>
    <property name="sun.boot.class.path" value="/home/yaner/jdk1.8.0_181/jre/lib/resources.jar:/home/yaner/jdk1.8.0_181/jre/lib/rt.jar:/home/yaner/jdk1.8.0_181/jre/lib/sunrsasign.jar:/home/yaner/jdk1.8.0_181/jre/lib/jsse.jar:/home/yaner/jdk1.8.0_181/jre/lib/jce.jar:/home/yaner/jdk1.8.0_181/jre/lib/charsets.jar:/home/yaner/jdk1.8.0_181/jre/lib/jfr.jar:/home/yaner/jdk1.8.0_181/jre/classes"/>
    <property name="sun.management.compiler" value="HotSpot 64-Bit Tiered Compilers"/>
    <property name="java.runtime.version" value="1.8.0_181-b13"/>
    <property name="user.name" value="yaner"/>
    <property name="path.separator" value=":"/>
    <property name="os.version" value="4.15.0-33-generic"/>
    <property name="java.endorsed.dirs" value="/home/yaner/jdk1.8.0_181/jre/lib/endorsed"/>
    <property name="java.runtime.name" value="Java(TM) SE Runtime Environment"/>
    <property name="file.encoding" value="UTF-8"/>
    <property name="java.vm.name" value="Java HotSpot(TM) 64-Bit Server VM"/>
    <property name="localRepository" value="/home/yaner/.m2/repository"/>
    <property name="java.vendor.url.bug" value="http://bugreport.sun.com/bugreport/"/>
    <property name="java.io.tmpdir" value="/tmp"/>
    <property name="java.version" value="1.8.0_181"/>
    <property name="user.dir" value="/home/yaner/eclipse-workspace/payloadtest"/>
    <property name="os.arch" value="amd64"/>
    <property name="java.vm.specification.name" value="Java Virtual Machine Specification"/>
    <property name="java.awt.printerjob" value="sun.print.PSPrinterJob"/>
    <property name="sun.os.patch.level" value="unknown"/>
    <property name="java.library.path" value="/usr/java/packages/lib/amd64:/usr/lib64:/lib64:/lib:/usr/lib"/>
    <property name="java.vm.info" value="mixed mode"/>
    <property name="java.vendor" value="Oracle Corporation"/>
    <property name="java.vm.version" value="25.181-b13"/>
    <property name="java.ext.dirs" value="/home/yaner/jdk1.8.0_181/jre/lib/ext:/usr/java/packages/lib/ext"/>
    <property name="sun.io.unicode.encoding" value="UnicodeLittle"/>
    <property name="java.class.version" value="52.0"/>
  </properties>
  <testcase name="payloadTest" classname="test.PayloadTest" time="0.343"/>
  <testcase name="payloadTest" classname="test.PayloadTest" time="0.361"/>
  <testcase name="payloadTest" classname="test.PayloadTest" time="0.346"/>
  <testcase name="payloadTest" classname="test.PayloadTest" time="0.339"/>
  <testcase name="payloadTest" classname="test.PayloadTest" time="0.338"/>
  <testcase name="payloadTest" classname="test.PayloadTest" time="0.335"/>
</testsuite>