<?xml version="1.0" encoding="UTF-8"?>
<!-- Generated by org.testng.reporters.JUnitReportReporter -->
<testsuite skipped="0" hostname="yaner" name="test.PayloadTest" tests="6" failures="0" timestamp="10 九月 2018 12:37:33 GMT" time="4.307" errors="0">
  <testcase name="payloadTest" time="0.804" classname="test.PayloadTest"/>
  <testcase name="payloadTest" time="0.713" classname="test.PayloadTest"/>
  <testcase name="payloadTest" time="0.680" classname="test.PayloadTest"/>
  <testcase name="payloadTest" time="0.752" classname="test.PayloadTest"/>
  <testcase name="payloadTest" time="0.688" classname="test.PayloadTest"/>
  <testcase name="payloadTest" time="0.670" classname="test.PayloadTest"/>
</testsuite> <!-- test.PayloadTest -->
