<?xml version="1.0" encoding="UTF-8"?>
<!-- Generated by org.testng.reporters.JUnitReportReporter -->
<testsuite skipped="0" hostname="yaner" name="test.PayloadTest" tests="6" failures="0" timestamp="10 九月 2018 12:32:45 GMT" time="10.303" errors="0">
  <testcase name="payloadTest" time="0.672" classname="test.PayloadTest"/>
  <testcase name="payloadTest" time="6.882" classname="test.PayloadTest"/>
  <testcase name="payloadTest" time="0.678" classname="test.PayloadTest"/>
  <testcase name="payloadTest" time="0.679" classname="test.PayloadTest"/>
  <testcase name="payloadTest" time="0.713" classname="test.PayloadTest"/>
  <testcase name="payloadTest" time="0.679" classname="test.PayloadTest"/>
</testsuite> <!-- test.PayloadTest -->
